<?xml version="1.0" encoding="UTF-8"?>
<!-- Generated by org.testng.reporters.JUnitReportReporter -->
<testsuite hostname="nandakiran-nfl" failures="0" tests="1" name="web.LoggerTester" time="0.016" errors="0" timestamp="2025-04-19T23:21:46 IST" skipped="0">
  <testcase classname="web.LoggerTester" name="test" time="0.016"/>
</testsuite> <!-- web.LoggerTester -->
