<?xml version="1.0" encoding="UTF-8"?>
<!-- Generated by org.testng.reporters.JUnitReportReporter -->
<testsuite hostname="nandakiran-nfl" failures="0" tests="1" name="web.LoginPageTests" time="0.009" errors="0" timestamp="2025-04-22T17:30:37 IST" skipped="0">
  <testcase classname="web.LoginPageTests" name="contains" time="0.009"/>
</testsuite> <!-- web.LoginPageTests -->
