<?xml version="1.0" encoding="UTF-8"?>
<!-- Generated by org.testng.reporters.JUnitReportReporter -->
<testsuite hostname="nandakiran-nfl" failures="0" tests="1" name="web.HomePageTests" time="8.397" errors="0" timestamp="2025-05-02T01:09:21 IST" skipped="0">
  <testcase classname="web.HomePageTests" name="verifyHomePage" time="8.397"/>
</testsuite> <!-- web.HomePageTests -->
