<?xml version="1.0" encoding="UTF-8"?>
<!-- Generated by org.testng.reporters.JUnitReportReporter -->
<testsuite hostname="nandakiran-nfl" failures="0" tests="1" name="web.HomePageTests" time="7.461" errors="0" timestamp="2025-05-03T01:01:44 IST" skipped="0">
  <testcase classname="web.HomePageTests" name="verifyHomePage" time="7.461"/>
</testsuite> <!-- web.HomePageTests -->
