<?xml version="1.0" encoding="UTF-8"?>
<!-- Generated by org.testng.reporters.JUnitReportReporter -->
<testsuite hostname="nandakiran-nfl" failures="0" tests="1" name="web.LoginPageTests" time="10.593" errors="0" timestamp="2025-04-22T11:06:07 IST" skipped="0">
  <testcase classname="web.LoginPageTests" name="verifyLoginFeaturesAndLoginIntoApplication" time="10.593"/>
</testsuite> <!-- web.LoginPageTests -->
