<?xml version="1.0" encoding="UTF-8"?>
<!-- Generated by org.testng.reporters.JUnitReportReporter -->
<testsuite hostname="nandakiran-nfl" failures="0" tests="1" name="web.LoginPageTests" time="48.244" errors="0" timestamp="2025-05-01T23:57:49 IST" skipped="0">
  <testcase classname="web.LoginPageTests" name="verifyLoginFeaturesAndLoginIntoApplication" time="48.244"/>
</testsuite> <!-- web.LoginPageTests -->
