<?xml version="1.0" encoding="UTF-8"?>
<!-- Generated by org.testng.reporters.JUnitReportReporter -->
<testsuite hostname="nandakiran-nfl" failures="0" tests="2" name="web.HomePageTests" time="8.982" errors="0" timestamp="2025-05-13T18:05:56 IST" skipped="1">
  <testcase classname="web.HomePageTests" name="verifyProfileFeature" time="8.982"/>
  <testcase classname="web.HomePageTests" name="verifyHomePage">
    <skipped/>
  </testcase> <!-- verifyHomePage -->
</testsuite> <!-- web.HomePageTests -->
