<?xml version="1.0" encoding="UTF-8"?>
<!-- Generated by org.testng.reporters.JUnitReportReporter -->
<testsuite hostname="nandakiran-nfl" failures="0" tests="1" name="web.LoginPageTests" time="52.548" errors="0" timestamp="2025-05-08T00:46:27 IST" skipped="0">
  <testcase classname="web.LoginPageTests" name="verifyLoginFeaturesAndLoginIntoApplication" time="52.548"/>
</testsuite> <!-- web.LoginPageTests -->
